<?xml version="1.0" encoding="UTF-8"?>
<testsuite xmlns:xsi="http://www.w3.org/2001/XMLSchema-instance" xsi:noNamespaceSchemaLocation="https://maven.apache.org/surefire/maven-surefire-plugin/xsd/surefire-test-report.xsd" name="GameTest" time="0.068" tests="5" errors="0" skipped="0" failures="0">
  <properties>
[...]
</properties>
  <testcase name="testRound" classname="GameTest" time="0.036"/>
  <testcase name="testFindByName" classname="GameTest" time="0.004"/>
  <testcase name="testRoundWithNotRegisteredException" classname="GameTest" time="0.005"/>
  <testcase name="testRegister" classname="GameTest" time="0.005"/>
  <testcase name="testIsRegistered" classname="GameTest" time="0.002"/>
</testsuite>